<?xml version="1.0" ?>
<coverage line-rate="0.5" branch-rate="0.0" version="1.9" timestamp="123456789">
    <packages>
        <package name="src" line-rate="0.5" branch-rate="0.0" complexity="1.0">
            <classes>
                <class name="auth.py" filename="src/auth.py" line-rate="0.5" branch-rate="0.0" complexity="1.0">
                    <lines>
                        <line number="1" hits="1"/>
                        <line number="2" hits="0"/>
                    </lines>
                </class>
            </classes>
        </package>
    </packages>
</coverage>
